13:19:23 INFO  : Registering command handlers for SDK TCF services
13:19:27 INFO  : Launching XSCT server: xsct -n -interactive /home/wachag/Projects/kintex7/linux/hw/linuxsystem/linuxsystem.sdk/temp_xsdb_launch_script.tcl
13:19:35 INFO  : XSCT server has started successfully.
13:19:35 INFO  : Successfully done setting XSCT server connection channel  
13:19:35 INFO  : Successfully done setting SDK workspace  
13:19:35 INFO  : Processing command line option -hwspec /home/wachag/Projects/kintex7/linux/hw/linuxsystem/linuxsystem.sdk/mainsoc_wrapper.hdf.
13:21:35 INFO  : Refreshed build settings on project flashtest
13:22:52 INFO  : Connected to target on host '127.0.0.1' and port '3121'.
13:22:52 INFO  : 'targets -set -filter {jtag_cable_name =~ "Digilent Arty 210319754849A" && level==0} -index 0' command is executed.
13:22:56 INFO  : FPGA configured successfully with bitstream "/home/wachag/Projects/kintex7/linux/hw/linuxsystem/linuxsystem.sdk/mainsoc_wrapper_hw_platform_0/download.bit"
13:23:07 INFO  : 'targets -set -filter {jtag_cable_name =~ "Digilent Arty 210319754849A" && level==0} -index 0' command is executed.
13:23:07 INFO  : 'fpga -state' command is executed.
13:23:07 INFO  : Connected to target on host '127.0.0.1' and port '3121'.
13:23:08 INFO  : Jtag cable 'Digilent Arty 210319754849A' is selected.
13:23:08 INFO  : 'jtag frequency' command is executed.
13:23:08 INFO  : Context for processor 'microblaze_0' is selected.
13:23:08 INFO  : Processor reset is completed for 'microblaze_0'.
13:23:08 INFO  : Context for processor 'microblaze_0' is selected.
13:23:08 INFO  : The application '/home/wachag/Projects/kintex7/linux/hw/linuxsystem/linuxsystem.sdk/flashtest/Debug/flashtest.elf' is downloaded to processor 'microblaze_0'.
13:23:08 INFO  : ----------------XSDB Script----------------
connect -url tcp:127.0.0.1:3121
targets -set -nocase -filter {name =~ "microblaze*#0" && bscan=="USER2"  && jtag_cable_name =~ "Digilent Arty 210319754849A"} -index 0
rst -processor
targets -set -nocase -filter {name =~ "microblaze*#0" && bscan=="USER2"  && jtag_cable_name =~ "Digilent Arty 210319754849A"} -index 0
dow /home/wachag/Projects/kintex7/linux/hw/linuxsystem/linuxsystem.sdk/flashtest/Debug/flashtest.elf
----------------End of Script----------------

13:23:08 INFO  : Memory regions updated for context MicroBlaze #0
13:23:08 INFO  : Memory regions updated for context MicroBlaze Debug Module at USER2
13:23:08 INFO  : Context for processor 'microblaze_0' is selected.
13:23:08 INFO  : 'con' command is executed.
13:23:08 INFO  : ----------------XSDB Script (After Launch)----------------
targets -set -nocase -filter {name =~ "microblaze*#0" && bscan=="USER2"  && jtag_cable_name =~ "Digilent Arty 210319754849A"} -index 0
con
----------------End of Script----------------

13:23:08 INFO  : Launch script is exported to file '/home/wachag/Projects/kintex7/linux/hw/linuxsystem/linuxsystem.sdk/.sdk/launch_scripts/xilinx_c-c++_application_(system_debugger)/system_debugger_using_debug_flashtest.elf_on_local.tcl'
16:10:23 INFO  : SDK has detected change in the last modified timestamps for source hardware specification file Source:1514554980000,  Project:1514549834000
16:10:23 INFO  : Project mainsoc_wrapper_hw_platform_0's source hardware specification located at /home/wachag/Projects/kintex7/linux/hw/linuxsystem/linuxsystem.sdk/mainsoc_wrapper.hdf is now different from the local copy.
		 The local copy will be replaced with the source specification and your workspace will be updated.
16:10:31 INFO  : Copied contents of /home/wachag/Projects/kintex7/linux/hw/linuxsystem/linuxsystem.sdk/mainsoc_wrapper.hdf into /mainsoc_wrapper_hw_platform_0/system.hdf.
16:10:32 ERROR : (XSDB Server)ERROR: [Hsi 55-1433] Error boost::filesystem::directory_iterator::construct: Permission denied: "/tmp/tracker-extract-files.1001"
ERROR: [Hsi 55-1433] Error boost::filesystem::directory_iterator::construct: Permission denied: "/tmp/.esd-1001"

16:10:32 ERROR : (XSDB Server)ERROR: [Hsi 55-1433] Error boost::filesystem::directory_iterator::construct: Permission denied: "/tmp/.esd-120"

16:10:32 ERROR : (XSDB Server)ERROR: [Hsi 55-1433] Error boost::filesystem::directory_iterator::construct: Permission denied: "/tmp/systemd-private-92c968fadcc04d3196892db5a0f40c46-colord.service-IeAmgt"
ERROR: [Hsi 55-1433] Error boost::filesystem::directory_iterator::construct: Permission denied: "/tmp/systemd-private-92c968fadcc04d3196892db5a0f40c46-systemd-timesyncd.service-fRuh03"

16:10:32 ERROR : Failed to openhw "/tmp/system3929552271771811842.hdf"
Reason: ERROR: [Common 17-39] 'hsi::open_hw_design' failed due to earlier errors.

16:10:32 INFO  : Synchronizing projects in the workspace with the hardware platform specification changes.
16:12:16 INFO  : Connected to target on host '127.0.0.1' and port '3121'.
16:12:16 INFO  : 'targets -set -filter {jtag_cable_name =~ "Digilent Arty 210319754849A" && level==0} -index 0' command is executed.
16:12:19 INFO  : FPGA configured successfully with bitstream "/home/wachag/Projects/kintex7/linux/hw/linuxsystem/linuxsystem.sdk/mainsoc_wrapper_hw_platform_0/download.bit"
16:12:31 INFO  : Disconnected from the channel tcfchan#1.
16:13:09 INFO  : Connected to target on host '127.0.0.1' and port '3121'.
16:13:09 INFO  : 'targets -set -filter {jtag_cable_name =~ "Digilent Arty 210319754849A" && level==0} -index 0' command is executed.
16:13:13 INFO  : FPGA configured successfully with bitstream "/home/wachag/Projects/kintex7/linux/hw/linuxsystem/linuxsystem.sdk/mainsoc_wrapper_hw_platform_0/download.bit"
16:13:23 INFO  : 'targets -set -filter {jtag_cable_name =~ "Digilent Arty 210319754849A" && level==0} -index 0' command is executed.
16:13:23 INFO  : 'fpga -state' command is executed.
16:13:23 INFO  : Connected to target on host '127.0.0.1' and port '3121'.
16:13:23 INFO  : Jtag cable 'Digilent Arty 210319754849A' is selected.
16:13:23 INFO  : 'jtag frequency' command is executed.
16:13:23 INFO  : Context for processor 'microblaze_0' is selected.
16:13:23 INFO  : Processor reset is completed for 'microblaze_0'.
16:13:23 INFO  : Context for processor 'microblaze_0' is selected.
16:13:23 INFO  : The application '/home/wachag/Projects/kintex7/linux/hw/linuxsystem/linuxsystem.sdk/flashtest/Debug/flashtest.elf' is downloaded to processor 'microblaze_0'.
16:13:23 INFO  : ----------------XSDB Script----------------
connect -url tcp:127.0.0.1:3121
targets -set -nocase -filter {name =~ "microblaze*#0" && bscan=="USER2"  && jtag_cable_name =~ "Digilent Arty 210319754849A"} -index 0
rst -processor
targets -set -nocase -filter {name =~ "microblaze*#0" && bscan=="USER2"  && jtag_cable_name =~ "Digilent Arty 210319754849A"} -index 0
dow /home/wachag/Projects/kintex7/linux/hw/linuxsystem/linuxsystem.sdk/flashtest/Debug/flashtest.elf
----------------End of Script----------------

16:13:23 INFO  : Memory regions updated for context MicroBlaze #0
16:13:23 INFO  : Memory regions updated for context MicroBlaze Debug Module at USER2
16:13:23 INFO  : Context for processor 'microblaze_0' is selected.
16:13:23 INFO  : 'con' command is executed.
16:13:23 INFO  : ----------------XSDB Script (After Launch)----------------
targets -set -nocase -filter {name =~ "microblaze*#0" && bscan=="USER2"  && jtag_cable_name =~ "Digilent Arty 210319754849A"} -index 0
con
----------------End of Script----------------

16:13:23 INFO  : Launch script is exported to file '/home/wachag/Projects/kintex7/linux/hw/linuxsystem/linuxsystem.sdk/.sdk/launch_scripts/xilinx_c-c++_application_(system_debugger)/system_debugger_using_debug_flashtest.elf_on_local.tcl'
16:13:33 INFO  : Disconnected from the channel tcfchan#2.
16:13:34 INFO  : 'targets -set -filter {jtag_cable_name =~ "Digilent Arty 210319754849A" && level==0} -index 0' command is executed.
16:13:34 INFO  : 'fpga -state' command is executed.
16:13:34 INFO  : Connected to target on host '127.0.0.1' and port '3121'.
16:13:34 INFO  : Jtag cable 'Digilent Arty 210319754849A' is selected.
16:13:34 INFO  : 'jtag frequency' command is executed.
16:13:34 INFO  : Context for processor 'microblaze_0' is selected.
16:13:34 INFO  : Processor reset is completed for 'microblaze_0'.
16:13:34 INFO  : Context for processor 'microblaze_0' is selected.
16:13:35 INFO  : The application '/home/wachag/Projects/kintex7/linux/hw/linuxsystem/linuxsystem.sdk/flashtest/Debug/flashtest.elf' is downloaded to processor 'microblaze_0'.
16:13:35 INFO  : ----------------XSDB Script----------------
connect -url tcp:127.0.0.1:3121
targets -set -nocase -filter {name =~ "microblaze*#0" && bscan=="USER2"  && jtag_cable_name =~ "Digilent Arty 210319754849A"} -index 0
rst -processor
targets -set -nocase -filter {name =~ "microblaze*#0" && bscan=="USER2"  && jtag_cable_name =~ "Digilent Arty 210319754849A"} -index 0
dow /home/wachag/Projects/kintex7/linux/hw/linuxsystem/linuxsystem.sdk/flashtest/Debug/flashtest.elf
----------------End of Script----------------

16:13:35 INFO  : Memory regions updated for context MicroBlaze #0
16:13:35 INFO  : Memory regions updated for context MicroBlaze Debug Module at USER2
16:13:35 INFO  : Context for processor 'microblaze_0' is selected.
16:13:35 INFO  : 'con' command is executed.
16:13:35 INFO  : ----------------XSDB Script (After Launch)----------------
targets -set -nocase -filter {name =~ "microblaze*#0" && bscan=="USER2"  && jtag_cable_name =~ "Digilent Arty 210319754849A"} -index 0
con
----------------End of Script----------------

16:13:35 INFO  : Launch script is exported to file '/home/wachag/Projects/kintex7/linux/hw/linuxsystem/linuxsystem.sdk/.sdk/launch_scripts/xilinx_c-c++_application_(system_debugger)/system_debugger_using_debug_flashtest.elf_on_local.tcl'
16:23:49 INFO  : Disconnected from the channel tcfchan#3.
08:33:42 INFO  : Registering command handlers for SDK TCF services
08:33:43 INFO  : Launching XSCT server: xsct -n -interactive /home/wachag/Projects/kintex7/linux/hw/linuxsystem/linuxsystem.sdk/temp_xsdb_launch_script.tcl
08:33:46 INFO  : XSCT server has started successfully.
08:33:47 INFO  : Successfully done setting XSCT server connection channel  
08:33:47 INFO  : Successfully done setting SDK workspace  
08:33:47 INFO  : Processing command line option -hwspec /home/wachag/Projects/kintex7/linux/hw/linuxsystem/linuxsystem.sdk/mainsoc_wrapper.hdf.
08:33:47 INFO  : Checking for hwspec changes in the project mainsoc_wrapper_hw_platform_0.
08:33:48 INFO  : SDK has detected change in the last modified timestamps for source hardware specification file Source:1514618912000,  Project:1514554980000
08:33:48 INFO  : The hardware specification for project 'mainsoc_wrapper_hw_platform_0' is different from /home/wachag/Projects/kintex7/linux/hw/linuxsystem/linuxsystem.sdk/mainsoc_wrapper.hdf.
08:33:49 INFO  : Copied contents of /home/wachag/Projects/kintex7/linux/hw/linuxsystem/linuxsystem.sdk/mainsoc_wrapper.hdf into /mainsoc_wrapper_hw_platform_0/system.hdf.
08:33:49 ERROR : (XSDB Server)ERROR: [Hsi 55-1433] Error boost::filesystem::directory_iterator::construct: Permission denied: "/tmp/tracker-extract-files.1001"

08:33:49 ERROR : (XSDB Server)ERROR: [Hsi 55-1433] Error boost::filesystem::directory_iterator::construct: Permission denied: "/tmp/.esd-1001"
ERROR: [Hsi 55-1433] Error boost::filesystem::directory_iterator::construct: Permission denied: "/tmp/.esd-120"
ERROR: [Hsi 55-1433] Error boost::filesystem::directory_iterator::construct: Permission denied: "/tmp/systemd-private-be8443a5bc224e049ff35194e083eb0a-colord.service-3vcSo1"
ERROR: [Hsi 55-1433] Error boost::filesystem::directory_iterator::construct: Permission denied: "/tmp/systemd-private-be8443a5bc224e049ff35194e083eb0a-systemd-timesyncd.service-AAqCpu"

08:33:49 ERROR : Failed to openhw "/tmp/system6402258232117335999.hdf"
Reason: ERROR: [Common 17-39] 'hsi::open_hw_design' failed due to earlier errors.

08:33:49 INFO  : Synchronizing projects in the workspace with the hardware platform specification changes.
08:34:09 INFO  : Connected to target on host '127.0.0.1' and port '3121'.
08:34:09 INFO  : 'targets -set -filter {jtag_cable_name =~ "Digilent Arty 210319754849A" && level==0} -index 0' command is executed.
08:34:11 INFO  : FPGA configured successfully with bitstream "/home/wachag/Projects/kintex7/linux/hw/linuxsystem/linuxsystem.sdk/mainsoc_wrapper_hw_platform_0/download.bit"
08:34:14 INFO  : 'targets -set -filter {jtag_cable_name =~ "Digilent Arty 210319754849A" && level==0} -index 0' command is executed.
08:34:14 INFO  : 'fpga -state' command is executed.
08:34:14 INFO  : Connected to target on host '127.0.0.1' and port '3121'.
08:34:14 INFO  : Jtag cable 'Digilent Arty 210319754849A' is selected.
08:34:14 INFO  : 'jtag frequency' command is executed.
08:34:14 INFO  : Context for processor 'microblaze_0' is selected.
08:34:14 INFO  : Processor reset is completed for 'microblaze_0'.
08:34:14 INFO  : Context for processor 'microblaze_0' is selected.
08:34:14 INFO  : The application '/home/wachag/Projects/kintex7/linux/hw/linuxsystem/linuxsystem.sdk/flashtest/Debug/flashtest.elf' is downloaded to processor 'microblaze_0'.
08:34:14 INFO  : ----------------XSDB Script----------------
connect -url tcp:127.0.0.1:3121
targets -set -nocase -filter {name =~ "microblaze*#0" && bscan=="USER2"  && jtag_cable_name =~ "Digilent Arty 210319754849A"} -index 0
rst -processor
targets -set -nocase -filter {name =~ "microblaze*#0" && bscan=="USER2"  && jtag_cable_name =~ "Digilent Arty 210319754849A"} -index 0
dow /home/wachag/Projects/kintex7/linux/hw/linuxsystem/linuxsystem.sdk/flashtest/Debug/flashtest.elf
----------------End of Script----------------

08:34:15 INFO  : Memory regions updated for context MicroBlaze #0
08:34:15 INFO  : Memory regions updated for context MicroBlaze Debug Module at USER2
08:34:15 INFO  : Context for processor 'microblaze_0' is selected.
08:34:15 INFO  : 'con' command is executed.
08:34:15 INFO  : ----------------XSDB Script (After Launch)----------------
targets -set -nocase -filter {name =~ "microblaze*#0" && bscan=="USER2"  && jtag_cable_name =~ "Digilent Arty 210319754849A"} -index 0
con
----------------End of Script----------------

08:34:15 INFO  : Launch script is exported to file '/home/wachag/Projects/kintex7/linux/hw/linuxsystem/linuxsystem.sdk/.sdk/launch_scripts/xilinx_c-c++_application_(system_debugger)/system_debugger_using_debug_flashtest.elf_on_local.tcl'
08:34:41 INFO  : Disconnected from the channel tcfchan#1.
